#
# A fatal error has been detected by the Java Runtime Environment:
#
#  EXCEPTION_ACCESS_VIOLATION (0xc0000005) at pc=0x000000005fcb7c38, pid=11100, tid=0x0000000000001bb0
#
# JRE version: Java(TM) SE Runtime Environment (8.0_191-b12) (build 1.8.0_191-b12)
# Java VM: Java HotSpot(TM) 64-Bit Server VM (25.191-b12 mixed mode windows-amd64 compressed oops)
# Problematic frame:
# V  [jvm.dll+0xf7c38]
#
# Failed to write core dump. Minidumps are not enabled by default on client versions of Windows
#
# If you would like to submit a bug report, please visit:
#   http://bugreport.java.com/bugreport/crash.jsp
#

---------------  T H R E A D  ---------------

Current thread (0x0000000018199000):  VMThread [stack: 0x0000000019e70000,0x0000000019f70000] [id=7088]

siginfo: ExceptionCode=0xc0000005, reading address 0x000000001cef8de8

Registers:
RAX=0x00000000001fffe0, RBX=0x000000000000ffff, RCX=0x000000001ccf7850, RDX=0x000000001ccf8df8
RSP=0x0000000019f6f420, RBP=0x0000000019f6f550, RSI=0x000000000000ffff, RDI=0x000000001ccf7850
R8 =0x00000000031d9a50, R9 =0x0000000000000003, R10=0x0000000000000003, R11=0x000000001ccf82c5
R12=0x0000000019f6f5e0, R13=0x0000000019f6f5d0, R14=0x0000000000000000, R15=0x0000000000000000
RIP=0x000000005fcb7c38, EFLAGS=0x0000000000010202

Top of Stack: (sp=0x0000000019f6f420)
0x0000000019f6f420:   00000000000000b6 0000000019f6f550
0x0000000019f6f430:   00000000000000b6 0000000019f6f5f0
0x0000000019f6f440:   000000000000000b 000000005fd94fd0
0x0000000019f6f450:   00000000000000b6 00000000000000b6
0x0000000019f6f460:   0000000000000001 0000000000000012
0x0000000019f6f470:   0000000003f991e8 0000000003f99050
0x0000000019f6f480:   0000000003f990b0 000000005fec0bce
0x0000000019f6f490:   0000000003f991e7 000000000000000a
0x0000000019f6f4a0:   0000000019f6f498 00007ffbf0010001
0x0000000019f6f4b0:   0000000003f990c0 000000005fc51b8d
0x0000000019f6f4c0:   00000c0797159999 0000000003f990c0
0x0000000019f6f4d0:   00000000000302e8 000000001b845220
0x0000000019f6f4e0:   00000000032f63e0 000000005fc5240f
0x0000000019f6f4f0:   0000000018198190 000000005fc5fd5e
0x0000000019f6f500:   000000001b84a118 00000000014cc938
0x0000000019f6f510:   0000000018199000 000000001ccf7d58 

Instructions: (pc=0x000000005fcb7c38)
0x000000005fcb7c18:   00 ba d9 01 00 00 e8 3d fc 17 00 e8 98 09 1a 00
0x000000005fcb7c28:   48 8b 57 10 48 85 d2 74 0f 48 8b c3 48 c1 e0 05
0x000000005fcb7c38:   48 8b 44 10 10 0f b7 d8 48 63 c3 0f b7 44 c7 50
0x000000005fcb7c48:   48 8b 44 c7 50 48 89 44 24 30 f6 d0 48 8b 4c 24 


Register to memory mapping:

RAX=0x00000000001fffe0 is an unknown value
RBX=0x000000000000ffff is an unknown value
RCX=0x000000001ccf7850 is pointing into metadata
RDX=0x000000001ccf8df8 is pointing into metadata
RSP=0x0000000019f6f420 is an unknown value
RBP=0x0000000019f6f550 is an unknown value
RSI=0x000000000000ffff is an unknown value
RDI=0x000000001ccf7850 is pointing into metadata
R8 =0x00000000031d9a50 is an unknown value
R9 =0x0000000000000003 is an unknown value
R10=0x0000000000000003 is an unknown value
R11=0x000000001ccf82c5 is pointing into metadata
R12=0x0000000019f6f5e0 is an unknown value
R13=0x0000000019f6f5d0 is an unknown value
R14=0x0000000000000000 is an unknown value
R15=0x0000000000000000 is an unknown value


Stack: [0x0000000019e70000,0x0000000019f70000],  sp=0x0000000019f6f420,  free space=1021k
Native frames: (J=compiled Java code, j=interpreted, Vv=VM code, C=native code)
V  [jvm.dll+0xf7c38]
V  [jvm.dll+0x1d4fd0]
V  [jvm.dll+0x1d5f22]
V  [jvm.dll+0x1c38e4]
V  [jvm.dll+0x1c8a77]
V  [jvm.dll+0x1c8feb]
V  [jvm.dll+0x24d0c7]
V  [jvm.dll+0x24c366]
V  [jvm.dll+0x24c801]
V  [jvm.dll+0x24ca1e]
V  [jvm.dll+0x29eb9a]
C  [msvcr100.dll+0x21d9f]
C  [msvcr100.dll+0x21e3b]
C  [KERNEL32.DLL+0x14034]
C  [ntdll.dll+0x73691]

VM_Operation (0x000000001acdf950): RedefineClasses, mode: safepoint, requested by thread 0x000000001a0ac800, redefining class com.ws.spring.controller.HomeController



---------------  P R O C E S S  ---------------

Java Threads: ( => current thread )
  0x000000001d594800 JavaThread "RMI TCP Connection(idle)" daemon [_thread_blocked, id=8228, stack(0x000000002a080000,0x000000002a180000)]
  0x000000001d595800 JavaThread "RMI TCP Connection(idle)" daemon [_thread_blocked, id=21020, stack(0x0000000029e80000,0x0000000029f80000)]
  0x000000001d58e000 JavaThread "http-nio-8080-AsyncTimeout" daemon [_thread_blocked, id=18644, stack(0x0000000029c80000,0x0000000029d80000)]
  0x000000001d594000 JavaThread "http-nio-8080-Acceptor-0" daemon [_thread_in_native, id=13796, stack(0x0000000029b80000,0x0000000029c80000)]
  0x000000001d593000 JavaThread "http-nio-8080-ClientPoller-1" daemon [_thread_in_native, id=14292, stack(0x0000000029a80000,0x0000000029b80000)]
  0x000000001d592800 JavaThread "http-nio-8080-ClientPoller-0" daemon [_thread_in_native, id=15620, stack(0x0000000029980000,0x0000000029a80000)]
  0x000000001d591800 JavaThread "http-nio-8080-exec-10" daemon [_thread_blocked, id=18836, stack(0x0000000029880000,0x0000000029980000)]
  0x000000001d58d000 JavaThread "http-nio-8080-exec-9" daemon [_thread_blocked, id=21308, stack(0x0000000029780000,0x0000000029880000)]
  0x000000001d590000 JavaThread "http-nio-8080-exec-8" daemon [_thread_blocked, id=21208, stack(0x0000000029680000,0x0000000029780000)]
  0x000000001de5c000 JavaThread "http-nio-8080-exec-7" daemon [_thread_blocked, id=1128, stack(0x0000000029580000,0x0000000029680000)]
  0x000000001de5a800 JavaThread "http-nio-8080-exec-6" daemon [_thread_blocked, id=12852, stack(0x0000000029480000,0x0000000029580000)]
  0x000000001de5c800 JavaThread "http-nio-8080-exec-5" daemon [_thread_blocked, id=7504, stack(0x0000000029380000,0x0000000029480000)]
  0x000000001de59800 JavaThread "http-nio-8080-exec-4" daemon [_thread_blocked, id=21048, stack(0x0000000029280000,0x0000000029380000)]
  0x000000001de5d800 JavaThread "http-nio-8080-exec-3" daemon [_thread_blocked, id=20296, stack(0x0000000029180000,0x0000000029280000)]
  0x000000001de59000 JavaThread "http-nio-8080-exec-2" daemon [_thread_blocked, id=236, stack(0x0000000029080000,0x0000000029180000)]
  0x000000001de51800 JavaThread "http-nio-8080-exec-1" daemon [_thread_blocked, id=12324, stack(0x0000000028f80000,0x0000000029080000)]
  0x000000001de58000 JavaThread "NioBlockingSelector.BlockPoller-4" daemon [_thread_in_native, id=20756, stack(0x0000000028e80000,0x0000000028f80000)]
  0x000000001de56800 JavaThread "File Watcher" daemon [_thread_blocked, id=1772, stack(0x0000000028d80000,0x0000000028e80000)]
  0x000000001de57800 JavaThread "HikariPool-4 housekeeper" daemon [_thread_blocked, id=18352, stack(0x0000000028b80000,0x0000000028c80000)]
  0x000000001de50800 JavaThread "container-0" [_thread_blocked, id=10928, stack(0x0000000028a80000,0x0000000028b80000)]
  0x000000001de54800 JavaThread "ContainerBackgroundProcessor[StandardEngine[Tomcat]]" daemon [_thread_blocked, id=6140, stack(0x0000000028980000,0x0000000028a80000)]
  0x000000001de53000 JavaThread "RMI TCP Connection(idle)" daemon [_thread_blocked, id=16656, stack(0x0000000027c80000,0x0000000027d80000)]
  0x000000001d58f800 JavaThread "RMI TCP Connection(idle)" daemon [_thread_blocked, id=18412, stack(0x0000000025e80000,0x0000000025f80000)]
  0x000000001de5b000 JavaThread "DestroyJavaVM" [_thread_blocked, id=19360, stack(0x00000000030b0000,0x00000000031b0000)]
  0x000000001de55000 JavaThread "Live Reload Server" daemon [_thread_in_native, id=20576, stack(0x0000000021e80000,0x0000000021f80000)]
  0x000000001b952000 JavaThread "Abandoned connection cleanup thread" daemon [_thread_blocked, id=19644, stack(0x000000001f8b0000,0x000000001f9b0000)]
  0x000000001b956800 JavaThread "JMX server connection timeout 30" daemon [_thread_blocked, id=10204, stack(0x000000001efb0000,0x000000001f0b0000)]
  0x000000001b7dd800 JavaThread "JMX server connection timeout 23" daemon [_thread_blocked, id=8008, stack(0x000000001c9e0000,0x000000001cae0000)]
  0x000000001b758000 JavaThread "RMI TCP Connection(idle)" daemon [_thread_blocked, id=12868, stack(0x000000001c8e0000,0x000000001c9e0000)]
  0x000000001b6e3000 JavaThread "JMX server connection timeout 21" daemon [_thread_blocked, id=3840, stack(0x000000001c6e0000,0x000000001c7e0000)]
  0x000000001b682000 JavaThread "RMI Scheduler(0)" daemon [_thread_blocked, id=14592, stack(0x000000001c2e0000,0x000000001c3e0000)]
  0x000000001b674000 JavaThread "RMI TCP Accept-0" daemon [_thread_in_native, id=12248, stack(0x000000001bee0000,0x000000001bfe0000)]
  0x000000001b66c800 JavaThread "RMI TCP Accept-53552" daemon [_thread_in_native, id=20464, stack(0x000000001bce0000,0x000000001bde0000)]
  0x000000001b659000 JavaThread "RMI TCP Accept-0" daemon [_thread_in_native, id=21060, stack(0x000000001bbe0000,0x000000001bce0000)]
  0x000000001a166000 JavaThread "Service Thread" daemon [_thread_blocked, id=3028, stack(0x000000001b2e0000,0x000000001b3e0000)]
  0x000000001a0d6800 JavaThread "C1 CompilerThread3" daemon [_thread_blocked, id=2500, stack(0x000000001b1e0000,0x000000001b2e0000)]
  0x000000001a0d4000 JavaThread "C2 CompilerThread2" daemon [_thread_blocked, id=18792, stack(0x000000001b0e0000,0x000000001b1e0000)]
  0x000000001a0d2000 JavaThread "C2 CompilerThread1" daemon [_thread_blocked, id=9944, stack(0x000000001afe0000,0x000000001b0e0000)]
  0x000000001a0cc800 JavaThread "C2 CompilerThread0" daemon [_thread_blocked, id=17132, stack(0x000000001aee0000,0x000000001afe0000)]
  0x000000001a0bd800 JavaThread "JDWP Command Reader" daemon [_thread_in_native, id=20392, stack(0x000000001ade0000,0x000000001aee0000)]
  0x000000001a0ba800 JavaThread "JDWP Event Helper Thread" daemon [_thread_blocked, id=17176, stack(0x000000001ace0000,0x000000001ade0000)]
  0x000000001a0ac800 JavaThread "JDWP Transport Listener: dt_socket" daemon [_thread_blocked, id=4428, stack(0x000000001abe0000,0x000000001ace0000)]
  0x000000001a0a0000 JavaThread "Attach Listener" daemon [_thread_blocked, id=19676, stack(0x000000001a760000,0x000000001a860000)]
  0x000000001a09f000 JavaThread "Signal Dispatcher" daemon [_thread_blocked, id=2640, stack(0x000000001a660000,0x000000001a760000)]
  0x00000000032ad800 JavaThread "Finalizer" daemon [_thread_blocked, id=7524, stack(0x000000001a470000,0x000000001a570000)]
  0x000000001819d000 JavaThread "Reference Handler" daemon [_thread_blocked, id=16732, stack(0x0000000019f70000,0x000000001a070000)]

Other Threads:
=>0x0000000018199000 VMThread [stack: 0x0000000019e70000,0x0000000019f70000] [id=7088]
  0x000000001b681000 WatcherThread [stack: 0x000000001bfe0000,0x000000001c0e0000] [id=20132]

VM state:at safepoint (normal execution)

VM Mutex/Monitor currently owned by a thread:  ([mutex/lock_event])
[0x00000000031b2650] Threads_lock - owner thread: 0x0000000018199000

Heap:
 PSYoungGen      total 293376K, used 199542K [0x00000000d6300000, 0x00000000e9280000, 0x0000000100000000)
  eden space 275968K, 72% used [0x00000000d6300000,0x00000000e25ddb88,0x00000000e7080000)
  from space 17408K, 0% used [0x00000000e8180000,0x00000000e8180000,0x00000000e9280000)
  to   space 17408K, 0% used [0x00000000e7080000,0x00000000e7080000,0x00000000e8180000)
 ParOldGen       total 90624K, used 28280K [0x0000000082800000, 0x0000000088080000, 0x00000000d6300000)
  object space 90624K, 31% used [0x0000000082800000,0x000000008439e0a0,0x0000000088080000)
 Metaspace       used 52205K, capacity 55008K, committed 55296K, reserved 1097728K
  class space    used 7053K, capacity 7599K, committed 7680K, reserved 1048576K

Card table byte_map: [0x0000000012670000,0x0000000012a60000] byte_map_base: 0x000000001225c000

Marking Bits: (ParMarkBitMap*) 0x00000000603e3e30
 Begin Bits: [0x0000000013500000, 0x0000000015460000)
 End Bits:   [0x0000000015460000, 0x00000000173c0000)

Polling page: 0x0000000001250000

CodeCache: size=245760Kb used=13208Kb max_used=13208Kb free=232551Kb
 bounds [0x00000000032b0000, 0x0000000003fa0000, 0x00000000122b0000]
 total_blobs=6937 nmethods=6387 adapters=469
 compilation: enabled

Compilation events (10 events):
Event: 781.227 Thread 0x000000001a0d6800 6496       1       sun.rmi.transport.Transport$$Lambda$8/643215721::run (8 bytes)
Event: 781.228 Thread 0x000000001a0d6800 nmethod 6496 0x0000000003f97750 code [0x0000000003f978c0, 0x0000000003f97b38]
Event: 781.228 Thread 0x000000001a0d6800 6497       1       sun.rmi.transport.Transport::lambda$setContextClassLoader$0 (9 bytes)
Event: 781.228 Thread 0x000000001a0d6800 nmethod 6497 0x0000000003f97cd0 code [0x0000000003f97e40, 0x0000000003f98078]
Event: 783.438 Thread 0x000000001a0d6800 6498       1       sun.rmi.server.MarshalInputStream::<init> (35 bytes)
Event: 783.439 Thread 0x000000001a0d6800 nmethod 6498 0x0000000003f98210 code [0x0000000003f983a0, 0x0000000003f985d8]
Event: 783.439 Thread 0x000000001a0d6800 6499       1       java.io.ObjectInputStream::<init> (81 bytes)
Event: 783.440 Thread 0x000000001a0d6800 nmethod 6499 0x0000000003f98690 code [0x0000000003f98840, 0x0000000003f98ce8]
Event: 783.440 Thread 0x000000001a0d6800 6500       1       sun.rmi.server.MarshalInputStream::done (53 bytes)
Event: 783.440 Thread 0x000000001a0d6800 nmethod 6500 0x0000000003f98f10 code [0x0000000003f990c0, 0x0000000003f99338]

GC Heap History (10 events):
Event: 582.969 GC heap before
{Heap before GC invocations=15 (full 3):
 PSYoungGen      total 293888K, used 4352K [0x00000000d6300000, 0x00000000e9380000, 0x0000000100000000)
  eden space 275968K, 0% used [0x00000000d6300000,0x00000000d6300000,0x00000000e7080000)
  from space 17920K, 24% used [0x00000000e8200000,0x00000000e8640000,0x00000000e9380000)
  to   space 17920K, 0% used [0x00000000e7080000,0x00000000e7080000,0x00000000e8200000)
 ParOldGen       total 90624K, used 29624K [0x0000000082800000, 0x0000000088080000, 0x00000000d6300000)
  object space 90624K, 32% used [0x0000000082800000,0x00000000844ee1f0,0x0000000088080000)
 Metaspace       used 51100K, capacity 53544K, committed 53760K, reserved 1095680K
  class space    used 6934K, capacity 7393K, committed 7424K, reserved 1048576K
Event: 583.149 GC heap after
Heap after GC invocations=15 (full 3):
 PSYoungGen      total 293888K, used 0K [0x00000000d6300000, 0x00000000e9380000, 0x0000000100000000)
  eden space 275968K, 0% used [0x00000000d6300000,0x00000000d6300000,0x00000000e7080000)
  from space 17920K, 0% used [0x00000000e8200000,0x00000000e8200000,0x00000000e9380000)
  to   space 17920K, 0% used [0x00000000e7080000,0x00000000e7080000,0x00000000e8200000)
 ParOldGen       total 90624K, used 26732K [0x0000000082800000, 0x0000000088080000, 0x00000000d6300000)
  object space 90624K, 29% used [0x0000000082800000,0x000000008421b090,0x0000000088080000)
 Metaspace       used 51100K, capacity 53544K, committed 53760K, reserved 1095680K
  class space    used 6934K, capacity 7393K, committed 7424K, reserved 1048576K
}
Event: 673.175 GC heap before
{Heap before GC invocations=16 (full 3):
 PSYoungGen      total 293888K, used 223348K [0x00000000d6300000, 0x00000000e9380000, 0x0000000100000000)
  eden space 275968K, 80% used [0x00000000d6300000,0x00000000e3d1d1e0,0x00000000e7080000)
  from space 17920K, 0% used [0x00000000e8200000,0x00000000e8200000,0x00000000e9380000)
  to   space 17920K, 0% used [0x00000000e7080000,0x00000000e7080000,0x00000000e8200000)
 ParOldGen       total 90624K, used 26732K [0x0000000082800000, 0x0000000088080000, 0x00000000d6300000)
  object space 90624K, 29% used [0x0000000082800000,0x000000008421b090,0x0000000088080000)
 Metaspace       used 51450K, capacity 53968K, committed 54144K, reserved 1095680K
  class space    used 6968K, capacity 7452K, committed 7552K, reserved 1048576K
Event: 673.190 GC heap after
Heap after GC invocations=16 (full 3):
 PSYoungGen      total 280576K, used 4255K [0x00000000d6300000, 0x00000000e9280000, 0x0000000100000000)
  eden space 275968K, 0% used [0x00000000d6300000,0x00000000d6300000,0x00000000e7080000)
  from space 4608K, 92% used [0x00000000e7080000,0x00000000e74a7f20,0x00000000e7500000)
  to   space 17408K, 0% used [0x00000000e8180000,0x00000000e8180000,0x00000000e9280000)
 ParOldGen       total 90624K, used 26740K [0x0000000082800000, 0x0000000088080000, 0x00000000d6300000)
  object space 90624K, 29% used [0x0000000082800000,0x000000008421d090,0x0000000088080000)
 Metaspace       used 51450K, capacity 53968K, committed 54144K, reserved 1095680K
  class space    used 6968K, capacity 7452K, committed 7552K, reserved 1048576K
}
Event: 673.190 GC heap before
{Heap before GC invocations=17 (full 4):
 PSYoungGen      total 280576K, used 4255K [0x00000000d6300000, 0x00000000e9280000, 0x0000000100000000)
  eden space 275968K, 0% used [0x00000000d6300000,0x00000000d6300000,0x00000000e7080000)
  from space 4608K, 92% used [0x00000000e7080000,0x00000000e74a7f20,0x00000000e7500000)
  to   space 17408K, 0% used [0x00000000e8180000,0x00000000e8180000,0x00000000e9280000)
 ParOldGen       total 90624K, used 26740K [0x0000000082800000, 0x0000000088080000, 0x00000000d6300000)
  object space 90624K, 29% used [0x0000000082800000,0x000000008421d090,0x0000000088080000)
 Metaspace       used 51450K, capacity 53968K, committed 54144K, reserved 1095680K
  class space    used 6968K, capacity 7452K, committed 7552K, reserved 1048576K
Event: 673.413 GC heap after
Heap after GC invocations=17 (full 4):
 PSYoungGen      total 280576K, used 0K [0x00000000d6300000, 0x00000000e9280000, 0x0000000100000000)
  eden space 275968K, 0% used [0x00000000d6300000,0x00000000d6300000,0x00000000e7080000)
  from space 4608K, 0% used [0x00000000e7080000,0x00000000e7080000,0x00000000e7500000)
  to   space 17408K, 0% used [0x00000000e8180000,0x00000000e8180000,0x00000000e9280000)
 ParOldGen       total 90624K, used 28084K [0x0000000082800000, 0x0000000088080000, 0x00000000d6300000)
  object space 90624K, 30% used [0x0000000082800000,0x000000008436d3a0,0x0000000088080000)
 Metaspace       used 51447K, capacity 53962K, committed 54144K, reserved 1095680K
  class space    used 6968K, capacity 7450K, committed 7552K, reserved 1048576K
}
Event: 761.953 GC heap before
{Heap before GC invocations=18 (full 4):
 PSYoungGen      total 280576K, used 211762K [0x00000000d6300000, 0x00000000e9280000, 0x0000000100000000)
  eden space 275968K, 76% used [0x00000000d6300000,0x00000000e31cc818,0x00000000e7080000)
  from space 4608K, 0% used [0x00000000e7080000,0x00000000e7080000,0x00000000e7500000)
  to   space 17408K, 0% used [0x00000000e8180000,0x00000000e8180000,0x00000000e9280000)
 ParOldGen       total 90624K, used 28084K [0x0000000082800000, 0x0000000088080000, 0x00000000d6300000)
  object space 90624K, 30% used [0x0000000082800000,0x000000008436d3a0,0x0000000088080000)
 Metaspace       used 51777K, capacity 54354K, committed 54656K, reserved 1095680K
  class space    used 6997K, capacity 7503K, committed 7552K, reserved 1048576K
Event: 761.960 GC heap after
Heap after GC invocations=18 (full 4):
 PSYoungGen      total 293376K, used 4175K [0x00000000d6300000, 0x00000000e9280000, 0x0000000100000000)
  eden space 275968K, 0% used [0x00000000d6300000,0x00000000d6300000,0x00000000e7080000)
  from space 17408K, 23% used [0x00000000e8180000,0x00000000e8593f30,0x00000000e9280000)
  to   space 17408K, 0% used [0x00000000e7080000,0x00000000e7080000,0x00000000e8180000)
 ParOldGen       total 90624K, used 28092K [0x0000000082800000, 0x0000000088080000, 0x00000000d6300000)
  object space 90624K, 30% used [0x0000000082800000,0x000000008436f3a0,0x0000000088080000)
 Metaspace       used 51777K, capacity 54354K, committed 54656K, reserved 1095680K
  class space    used 6997K, capacity 7503K, committed 7552K, reserved 1048576K
}
Event: 761.960 GC heap before
{Heap before GC invocations=19 (full 5):
 PSYoungGen      total 293376K, used 4175K [0x00000000d6300000, 0x00000000e9280000, 0x0000000100000000)
  eden space 275968K, 0% used [0x00000000d6300000,0x00000000d6300000,0x00000000e7080000)
  from space 17408K, 23% used [0x00000000e8180000,0x00000000e8593f30,0x00000000e9280000)
  to   space 17408K, 0% used [0x00000000e7080000,0x00000000e7080000,0x00000000e8180000)
 ParOldGen       total 90624K, used 28092K [0x0000000082800000, 0x0000000088080000, 0x00000000d6300000)
  object space 90624K, 30% used [0x0000000082800000,0x000000008436f3a0,0x0000000088080000)
 Metaspace       used 51777K, capacity 54354K, committed 54656K, reserved 1095680K
  class space    used 6997K, capacity 7503K, committed 7552K, reserved 1048576K
Event: 762.253 GC heap after
Heap after GC invocations=19 (full 5):
 PSYoungGen      total 293376K, used 0K [0x00000000d6300000, 0x00000000e9280000, 0x0000000100000000)
  eden space 275968K, 0% used [0x00000000d6300000,0x00000000d6300000,0x00000000e7080000)
  from space 17408K, 0% used [0x00000000e8180000,0x00000000e8180000,0x00000000e9280000)
  to   space 17408K, 0% used [0x00000000e7080000,0x00000000e7080000,0x00000000e8180000)
 ParOldGen       total 90624K, used 28280K [0x0000000082800000, 0x0000000088080000, 0x00000000d6300000)
  object space 90624K, 31% used [0x0000000082800000,0x000000008439e0a0,0x0000000088080000)
 Metaspace       used 51775K, capacity 54348K, committed 54656K, reserved 1095680K
  class space    used 6997K, capacity 7501K, committed 7552K, reserved 1048576K
}

Deoptimization events (0 events):
No events

Classes redefined (6 events):
Event: 581.755 Thread 0x0000000018199000 redefined class name=com.ws.spring.controller.HomeController, count=1
Event: 671.910 Thread 0x0000000018199000 redefined class name=com.ws.spring.controller.HomeController, count=2
Event: 671.932 Thread 0x0000000018199000 redefined class name=com.ws.spring.controller.HomeController, count=1
Event: 760.146 Thread 0x0000000018199000 redefined class name=com.ws.spring.controller.HomeController, count=3
Event: 760.173 Thread 0x0000000018199000 redefined class name=com.ws.spring.controller.HomeController, count=1
Event: 760.196 Thread 0x0000000018199000 redefined class name=com.ws.spring.controller.HomeController, count=2

Internal exceptions (10 events):
Event: 764.253 Thread 0x000000001de4e800 Exception <a 'java/lang/ArrayIndexOutOfBoundsException'> (0x00000000e09bbb10) thrown at [C:\re\workspace\8-2-build-windows-amd64-cygwin\jdk8u191\11896\hotspot\src\share\vm\runtime\sharedRuntime.cpp, line 605]
Event: 764.253 Thread 0x000000001de4e800 Exception <a 'java/lang/ArrayIndexOutOfBoundsException'> (0x00000000e09c03a0) thrown at [C:\re\workspace\8-2-build-windows-amd64-cygwin\jdk8u191\11896\hotspot\src\share\vm\runtime\sharedRuntime.cpp, line 605]
Event: 764.253 Thread 0x000000001de4e800 Exception <a 'java/lang/ArrayIndexOutOfBoundsException'> (0x00000000e09c2308) thrown at [C:\re\workspace\8-2-build-windows-amd64-cygwin\jdk8u191\11896\hotspot\src\share\vm\runtime\sharedRuntime.cpp, line 605]
Event: 764.290 Thread 0x000000001de4e800 Exception <a 'java/lang/ArrayIndexOutOfBoundsException'> (0x00000000e0c73510) thrown at [C:\re\workspace\8-2-build-windows-amd64-cygwin\jdk8u191\11896\hotspot\src\share\vm\runtime\sharedRuntime.cpp, line 605]
Event: 764.331 Thread 0x000000001de4e800 Exception <a 'java/lang/ArrayIndexOutOfBoundsException'> (0x00000000e0f81f68) thrown at [C:\re\workspace\8-2-build-windows-amd64-cygwin\jdk8u191\11896\hotspot\src\share\vm\runtime\sharedRuntime.cpp, line 605]
Event: 764.332 Thread 0x000000001de4e800 Exception <a 'java/lang/ArrayIndexOutOfBoundsException'> (0x00000000e0fa05e8) thrown at [C:\re\workspace\8-2-build-windows-amd64-cygwin\jdk8u191\11896\hotspot\src\share\vm\runtime\sharedRuntime.cpp, line 605]
Event: 764.333 Thread 0x000000001de4e800 Exception <a 'java/lang/ArrayIndexOutOfBoundsException'> (0x00000000e0fac160) thrown at [C:\re\workspace\8-2-build-windows-amd64-cygwin\jdk8u191\11896\hotspot\src\share\vm\runtime\sharedRuntime.cpp, line 605]
Event: 764.334 Thread 0x000000001de4e800 Exception <a 'java/lang/ArrayIndexOutOfBoundsException'> (0x00000000e0fc9288) thrown at [C:\re\workspace\8-2-build-windows-amd64-cygwin\jdk8u191\11896\hotspot\src\share\vm\runtime\sharedRuntime.cpp, line 605]
Event: 764.402 Thread 0x000000001de4e800 Exception <a 'java/lang/ArrayIndexOutOfBoundsException'> (0x00000000e1486980) thrown at [C:\re\workspace\8-2-build-windows-amd64-cygwin\jdk8u191\11896\hotspot\src\share\vm\runtime\sharedRuntime.cpp, line 605]
Event: 764.402 Thread 0x000000001de4e800 Exception <a 'java/lang/ArrayIndexOutOfBoundsException'> (0x00000000e1488b68) thrown at [C:\re\workspace\8-2-build-windows-amd64-cygwin\jdk8u191\11896\hotspot\src\share\vm\runtime\sharedRuntime.cpp, line 605]

Events (10 events):
Event: 773.603 Executing VM operation: RevokeBias
Event: 773.604 Executing VM operation: RevokeBias done
Event: 773.604 Thread 0x000000001de4f000 Thread exited: 0x000000001de4f000
Event: 773.604 Thread 0x000000001de52000 Thread exited: 0x000000001de52000
Event: 783.436 Thread 0x000000001d594800 Thread added: 0x000000001d594800
Event: 783.437 Executing VM operation: RevokeBias
Event: 783.437 Executing VM operation: RevokeBias done
Event: 793.605 Executing VM operation: RevokeBias
Event: 793.606 Executing VM operation: RevokeBias done
Event: 829.115 Executing VM operation: RedefineClasses


Dynamic libraries:
0x00007ff75d190000 - 0x00007ff75d1c7000 	C:\Program Files\Java\jre1.8.0_191\bin\javaw.exe
0x00007ffbf0f90000 - 0x00007ffbf1171000 	C:\WINDOWS\SYSTEM32\ntdll.dll
0x00007ffbf0d30000 - 0x00007ffbf0de1000 	C:\WINDOWS\System32\KERNEL32.DLL
0x00007ffbedbd0000 - 0x00007ffbede43000 	C:\WINDOWS\System32\KERNELBASE.dll
0x00007ffbf0c80000 - 0x00007ffbf0d21000 	C:\WINDOWS\System32\ADVAPI32.dll
0x00007ffbf08d0000 - 0x00007ffbf096e000 	C:\WINDOWS\System32\msvcrt.dll
0x00007ffbefd40000 - 0x00007ffbefd9b000 	C:\WINDOWS\System32\sechost.dll
0x00007ffbf0790000 - 0x00007ffbf08b4000 	C:\WINDOWS\System32\RPCRT4.dll
0x00007ffbf0380000 - 0x00007ffbf0510000 	C:\WINDOWS\System32\USER32.dll
0x00007ffbee1e0000 - 0x00007ffbee200000 	C:\WINDOWS\System32\win32u.dll
0x00007ffbf0970000 - 0x00007ffbf0998000 	C:\WINDOWS\System32\GDI32.dll
0x00007ffbee280000 - 0x00007ffbee412000 	C:\WINDOWS\System32\gdi32full.dll
0x00007ffbede50000 - 0x00007ffbedeef000 	C:\WINDOWS\System32\msvcp_win.dll
0x00007ffbedef0000 - 0x00007ffbedfe8000 	C:\WINDOWS\System32\ucrtbase.dll
0x00007ffbd8800000 - 0x00007ffbd8a69000 	C:\WINDOWS\WinSxS\amd64_microsoft.windows.common-controls_6595b64144ccf1df_6.0.17134.765_none_fb42a1a930655896\COMCTL32.dll
0x00007ffbee420000 - 0x00007ffbee742000 	C:\WINDOWS\System32\combase.dll
0x00007ffbee200000 - 0x00007ffbee27a000 	C:\WINDOWS\System32\bcryptPrimitives.dll
0x00007ffbefd10000 - 0x00007ffbefd3d000 	C:\WINDOWS\System32\IMM32.DLL
0x000000005e0c0000 - 0x000000005e192000 	C:\Program Files\Java\jre1.8.0_191\bin\msvcr100.dll
0x000000005fbc0000 - 0x0000000060464000 	C:\Program Files\Java\jre1.8.0_191\bin\server\jvm.dll
0x00007ffbf08c0000 - 0x00007ffbf08c8000 	C:\WINDOWS\System32\PSAPI.DLL
0x00007ffbdedd0000 - 0x00007ffbdedd9000 	C:\WINDOWS\SYSTEM32\WSOCK32.dll
0x00007ffbdf9a0000 - 0x00007ffbdf9aa000 	C:\WINDOWS\SYSTEM32\VERSION.dll
0x00007ffbf0310000 - 0x00007ffbf037c000 	C:\WINDOWS\System32\WS2_32.dll
0x00007ffbe4950000 - 0x00007ffbe4973000 	C:\WINDOWS\SYSTEM32\WINMM.dll
0x00007ffbe4920000 - 0x00007ffbe494a000 	C:\WINDOWS\SYSTEM32\winmmbase.dll
0x00007ffbedb80000 - 0x00007ffbedbc9000 	C:\WINDOWS\System32\cfgmgr32.dll
0x000000005fad0000 - 0x000000005fadf000 	C:\Program Files\Java\jre1.8.0_191\bin\verify.dll
0x000000005faa0000 - 0x000000005fac9000 	C:\Program Files\Java\jre1.8.0_191\bin\java.dll
0x000000005edc0000 - 0x000000005edf5000 	C:\Program Files\Java\jre1.8.0_191\bin\jdwp.dll
0x000000005f740000 - 0x000000005f748000 	C:\Program Files\Java\jre1.8.0_191\bin\npt.dll
0x000000005fa80000 - 0x000000005fa96000 	C:\Program Files\Java\jre1.8.0_191\bin\zip.dll
0x00007ffbee830000 - 0x00007ffbefc70000 	C:\WINDOWS\System32\SHELL32.dll
0x00007ffbf01f0000 - 0x00007ffbf0299000 	C:\WINDOWS\System32\shcore.dll
0x00007ffbed360000 - 0x00007ffbeda6d000 	C:\WINDOWS\System32\windows.storage.dll
0x00007ffbee7d0000 - 0x00007ffbee821000 	C:\WINDOWS\System32\shlwapi.dll
0x00007ffbed2a0000 - 0x00007ffbed2b1000 	C:\WINDOWS\System32\kernel.appcore.dll
0x00007ffbed2c0000 - 0x00007ffbed2df000 	C:\WINDOWS\System32\profapi.dll
0x00007ffbed2f0000 - 0x00007ffbed33c000 	C:\WINDOWS\System32\powrprof.dll
0x00007ffbed2e0000 - 0x00007ffbed2ea000 	C:\WINDOWS\System32\FLTLIB.DLL
0x000000005f730000 - 0x000000005f739000 	C:\Program Files\Java\jre1.8.0_191\bin\dt_socket.dll
0x00007ffbd7e20000 - 0x00007ffbd7e36000 	C:\WINDOWS\system32\napinsp.dll
0x00007ffbd7c80000 - 0x00007ffbd7c9a000 	C:\WINDOWS\system32\pnrpnsp.dll
0x00007ffbe81d0000 - 0x00007ffbe81e9000 	C:\WINDOWS\system32\NLAapi.dll
0x00007ffbecb20000 - 0x00007ffbecb86000 	C:\WINDOWS\System32\mswsock.dll
0x00007ffbec8e0000 - 0x00007ffbec99e000 	C:\WINDOWS\SYSTEM32\DNSAPI.dll
0x00007ffbf0510000 - 0x00007ffbf0518000 	C:\WINDOWS\System32\NSI.dll
0x00007ffbec8a0000 - 0x00007ffbec8d8000 	C:\WINDOWS\SYSTEM32\IPHLPAPI.DLL
0x00007ffbd8040000 - 0x00007ffbd804e000 	C:\WINDOWS\System32\winrnr.dll
0x0000000061860000 - 0x0000000061886000 	C:\Program Files\Bonjour\mdnsNSP.dll
0x00007ffbde010000 - 0x00007ffbde025000 	C:\WINDOWS\System32\wshbth.dll
0x00007ffbe4a40000 - 0x00007ffbe4ab2000 	C:\WINDOWS\System32\fwpuclnt.dll
0x00007ffbece00000 - 0x00007ffbece25000 	C:\WINDOWS\SYSTEM32\bcrypt.dll
0x00007ffbe65d0000 - 0x00007ffbe65da000 	C:\Windows\System32\rasadhlp.dll
0x000000005e370000 - 0x000000005e37d000 	C:\Program Files\Java\jre1.8.0_191\bin\management.dll
0x000000005f710000 - 0x000000005f72a000 	C:\Program Files\Java\jre1.8.0_191\bin\net.dll
0x000000005f6f0000 - 0x000000005f701000 	C:\Program Files\Java\jre1.8.0_191\bin\nio.dll
0x00007ffbeccd0000 - 0x00007ffbecce7000 	C:\WINDOWS\SYSTEM32\CRYPTSP.dll
0x00007ffbec700000 - 0x00007ffbec733000 	C:\WINDOWS\system32\rsaenh.dll
0x00007ffbed1a0000 - 0x00007ffbed1c8000 	C:\WINDOWS\SYSTEM32\USERENV.dll
0x00007ffbeccf0000 - 0x00007ffbeccfb000 	C:\WINDOWS\SYSTEM32\CRYPTBASE.dll
0x00007ffbe5ff0000 - 0x00007ffbe6006000 	C:\WINDOWS\SYSTEM32\dhcpcsvc6.DLL
0x00007ffbe6280000 - 0x00007ffbe629a000 	C:\WINDOWS\SYSTEM32\dhcpcsvc.DLL
0x00007ffbeb580000 - 0x00007ffbeb749000 	C:\WINDOWS\SYSTEM32\dbghelp.dll

VM Arguments:
jvm_args: -agentlib:jdwp=transport=dt_socket,suspend=y,address=localhost:53553 -Dcom.sun.management.jmxremote -Dcom.sun.management.jmxremote.port=53552 -Dcom.sun.management.jmxremote.authenticate=false -Dcom.sun.management.jmxremote.ssl=false -Djava.rmi.server.hostname=localhost -Dspring.jmx.enabled=true -Dspring.application.admin.enabled=true -Xverify:none -XX:TieredStopAtLevel=1 -Dfile.encoding=UTF-8 
java_command: com.ws.spring.MdogApplication --spring.output.ansi.enabled=always
java_class_path (initial): D:\WorkSpace\WorkSpace\github\spring-boot-mysql-rest-api-tutorial-master\target\classes;C:\Users\admin\.m2\repository\org\springframework\boot\spring-boot-starter-data-jpa\2.0.0.RELEASE\spring-boot-starter-data-jpa-2.0.0.RELEASE.jar;C:\Users\admin\.m2\repository\org\springframework\boot\spring-boot-starter\2.0.0.RELEASE\spring-boot-starter-2.0.0.RELEASE.jar;C:\Users\admin\.m2\repository\org\springframework\boot\spring-boot-starter-logging\2.0.0.RELEASE\spring-boot-starter-logging-2.0.0.RELEASE.jar;C:\Users\admin\.m2\repository\ch\qos\logback\logback-classic\1.2.3\logback-classic-1.2.3.jar;C:\Users\admin\.m2\repository\ch\qos\logback\logback-core\1.2.3\logback-core-1.2.3.jar;C:\Users\admin\.m2\repository\org\apache\logging\log4j\log4j-to-slf4j\2.10.0\log4j-to-slf4j-2.10.0.jar;C:\Users\admin\.m2\repository\org\apache\logging\log4j\log4j-api\2.10.0\log4j-api-2.10.0.jar;C:\Users\admin\.m2\repository\org\slf4j\jul-to-slf4j\1.7.25\jul-to-slf4j-1.7.25.jar;C:\Users\admin\.m2\repository\javax\annotation\javax.annotation-api\1.3.2\javax.annotation-api-1.3.2.jar;C:\Users\admin\.m2\repository\org\yaml\snakeyaml\1.19\snakeyaml-1.19.jar;C:\Users\admin\.m2\repository\org\springframework\boot\spring-boot-starter-aop\2.0.0.RELEASE\spring-boot-starter-aop-2.0.0.RELEASE.jar;C:\Users\admin\.m2\repository\org\springframework\spring-aop\5.0.4.RELEASE\spring-aop-5.0.4.RELEASE.jar;C:\Users\admin\.m2\repository\org\aspectj\aspectjweaver\1.8.13\aspectjweaver-1.8.13.jar;C:\Users\admin\.m2\repository\org\springframework\boot\spring-boot-starter-jdbc\2.0.0.RELEASE\spring-boot-starter-jdbc-2.0.0.RELEASE.jar;C:\Users\admin\.m2\repository\com\zaxxer\HikariCP\2.7.8\HikariCP-2.7.8.jar;C:\Users\admin\.m2\repository\org\springframework\spring-jdbc\5.0.4.RELEASE\spring-jdbc-5.0.4.RELEASE.jar;C:\Users\admin\.m2\repository\org\hibernate\hibernate-core\5.2.14.Final\hibernate-core-5.2.14.Final.jar;C:\Users\admin\.m2\repository\org\jboss\logging\jboss-logging\3.3.2.Final\jboss-l
Launcher Type: SUN_STANDARD

Environment Variables:
JAVA_HOME=C:\Program Files\Java\jdk1.8.0_191
PATH=C:/Program Files/Java/jre1.8.0_191/bin/server;C:/Program Files/Java/jre1.8.0_191/bin;C:/Program Files/Java/jre1.8.0_191/lib/amd64;C:\Program Files (x86)\Common Files\Oracle\Java\javapath;C:\Program Files (x86)\Intel\Intel(R) Management Engine Components\iCLS\;C:\Program Files\Intel\Intel(R) Management Engine Components\iCLS\;C:\WINDOWS\system32;C:\WINDOWS;C:\WINDOWS\System32\Wbem;C:\WINDOWS\System32\WindowsPowerShell\v1.0\;C:\WINDOWS\System32\OpenSSH\;C:\Program Files (x86)\Intel\Intel(R) Management Engine Components\DAL;C:\Program Files\Intel\Intel(R) Management Engine Components\DAL;C:\Program Files (x86)\Intel\Intel(R) Management Engine Components\IPT;C:\Program Files\Intel\Intel(R) Management Engine Components\IPT;C:\Program Files\Java\jdk1.8.0_191\bin;C:\Program Files\nodejs\;C:\Program Files\MySQL\MySQL Shell 8.0\bin\;C:\Users\admin\AppData\Local\atom\bin;D:\WorkSpace\tools\Eclipse\sts-4.2.1.RELEASE;
USERNAME=admin
OS=Windows_NT
PROCESSOR_IDENTIFIER=Intel64 Family 6 Model 142 Stepping 10, GenuineIntel



---------------  S Y S T E M  ---------------

OS: Windows 10.0 , 64 bit Build 17134 (10.0.17134.753)

CPU:total 8 (initial active 8) (4 cores per cpu, 2 threads per core) family 6 model 142 stepping 10, cmov, cx8, fxsr, mmx, sse, sse2, sse3, ssse3, sse4.1, sse4.2, popcnt, avx, avx2, aes, clmul, erms, 3dnowpref, lzcnt, ht, tsc, tscinvbit, bmi1, bmi2, adx

Memory: 4k page, physical 8218788k(1264620k free), swap 13952352k(2289384k free)

vm_info: Java HotSpot(TM) 64-Bit Server VM (25.191-b12) for windows-amd64 JRE (1.8.0_191-b12), built on Oct  6 2018 09:29:03 by "java_re" with MS VC++ 10.0 (VS2010)

time: Thu May 16 21:41:31 2019
elapsed time: 829 seconds (0d 0h 13m 49s)

